[11-Feb-2019 09:41:14 UTC] PHP Fatal error:  Uncaught Error: Class 'izv\tools\Reader' not found in /home/ubuntu/workspace/twigtemplates/tienda/single.php:4
Stack trace:
#0 {main}
  thrown in /home/ubuntu/workspace/twigtemplates/tienda/single.php on line 4
[11-Feb-2019 09:41:43 UTC] PHP Fatal error:  Uncaught Error: Class 'classes\izv\tools\Reader' not found in /home/ubuntu/workspace/twigtemplates/tienda/single.php:4
Stack trace:
#0 {main}
  thrown in /home/ubuntu/workspace/twigtemplates/tienda/single.php on line 4
[11-Feb-2019 09:43:22 UTC] PHP Fatal error:  Uncaught Error: Class 'izv\tools\Reader' not found in /home/ubuntu/workspace/twigtemplates/tienda/single.php:4
Stack trace:
#0 {main}
  thrown in /home/ubuntu/workspace/twigtemplates/tienda/single.php on line 4
[11-Feb-2019 09:44:30 UTC] PHP Warning:  require(classes/autoload.php): failed to open stream: No such file or directory in /home/ubuntu/workspace/twigtemplates/tienda/single.php on line 3
[11-Feb-2019 09:44:30 UTC] PHP Fatal error:  require(): Failed opening required 'classes/autoload.php' (include_path='.:/usr/share/php') in /home/ubuntu/workspace/twigtemplates/tienda/single.php on line 3
[11-Feb-2019 09:44:57 UTC] PHP Warning:  require(../classes/autoload.php): failed to open stream: No such file or directory in /home/ubuntu/workspace/twigtemplates/tienda/single.php on line 3
[11-Feb-2019 09:44:57 UTC] PHP Fatal error:  require(): Failed opening required '../classes/autoload.php' (include_path='.:/usr/share/php') in /home/ubuntu/workspace/twigtemplates/tienda/single.php on line 3
[11-Feb-2019 09:45:29 UTC] PHP Fatal error:  Uncaught Error: Class 'izv\tools\Reader' not found in /home/ubuntu/workspace/twigtemplates/tienda/single.php:5
Stack trace:
#0 {main}
  thrown in /home/ubuntu/workspace/twigtemplates/tienda/single.php on line 5
[11-Feb-2019 11:37:29 UTC] PHP Fatal error:  Uncaught Error: Class 'Reader' not found in /home/ubuntu/workspace/twigtemplates/tienda/single.php:14
Stack trace:
#0 {main}
  thrown in /home/ubuntu/workspace/twigtemplates/tienda/single.php on line 14
[11-Feb-2019 11:37:58 UTC] PHP Fatal error:  Uncaught Error: Using $this when not in object context in /home/ubuntu/workspace/twigtemplates/tienda/single.php:17
Stack trace:
#0 {main}
  thrown in /home/ubuntu/workspace/twigtemplates/tienda/single.php on line 17
[14-Feb-2019 11:25:44 UTC] PHP Fatal error:  Uncaught Error: Using $this when not in object context in /home/ubuntu/workspace/twigtemplates/tienda/single.php:17
Stack trace:
#0 {main}
  thrown in /home/ubuntu/workspace/twigtemplates/tienda/single.php on line 17
[14-Feb-2019 11:35:26 UTC] PHP Fatal error:  Uncaught Error: Using $this when not in object context in /home/ubuntu/workspace/twigtemplates/tienda/single.php:17
Stack trace:
#0 {main}
  thrown in /home/ubuntu/workspace/twigtemplates/tienda/single.php on line 17
[18-Feb-2019 09:42:19 UTC] PHP Fatal error:  Uncaught Error: Using $this when not in object context in /home/ubuntu/workspace/twigtemplates/tienda/single.php:17
Stack trace:
#0 {main}
  thrown in /home/ubuntu/workspace/twigtemplates/tienda/single.php on line 17
[18-Feb-2019 09:47:10 UTC] PHP Fatal error:  Uncaught Error: Using $this when not in object context in /home/ubuntu/workspace/twigtemplates/tienda/single.php:17
Stack trace:
#0 {main}
  thrown in /home/ubuntu/workspace/twigtemplates/tienda/single.php on line 17
[18-Feb-2019 09:49:08 UTC] PHP Fatal error:  Uncaught Error: Using $this when not in object context in /home/ubuntu/workspace/twigtemplates/tienda/single.php:17
Stack trace:
#0 {main}
  thrown in /home/ubuntu/workspace/twigtemplates/tienda/single.php on line 17
[18-Feb-2019 09:50:11 UTC] PHP Fatal error:  Uncaught Error: Using $this when not in object context in /home/ubuntu/workspace/twigtemplates/tienda/single.php:17
Stack trace:
#0 {main}
  thrown in /home/ubuntu/workspace/twigtemplates/tienda/single.php on line 17
[18-Feb-2019 09:52:47 UTC] PHP Parse error:  syntax error, unexpected '$gestor' (T_VARIABLE), expecting function (T_FUNCTION) in /home/ubuntu/workspace/twigtemplates/tienda/single.php on line 17
[18-Feb-2019 09:56:05 UTC] PHP Fatal error:  Class 'Model' not found in /home/ubuntu/workspace/twigtemplates/tienda/single.php on line 16
[18-Feb-2019 09:56:31 UTC] PHP Fatal error:  Uncaught Error: Using $this when not in object context in /home/ubuntu/workspace/twigtemplates/tienda/single.php:26
Stack trace:
#0 {main}
  thrown in /home/ubuntu/workspace/twigtemplates/tienda/single.php on line 26
[18-Feb-2019 09:59:10 UTC] PHP Fatal error:  Uncaught Error: Class 'Doctrine\ORM\Tools\Setup' not found in /home/ubuntu/workspace/classes/izv/managedata/Bootstrap.php:24
Stack trace:
#0 /home/ubuntu/workspace/classes/izv/model/Model.php(14): izv\managedata\Bootstrap->__construct()
#1 /home/ubuntu/workspace/twigtemplates/tienda/single.php(26): izv\model\Model->__construct()
#2 {main}
  thrown in /home/ubuntu/workspace/classes/izv/managedata/Bootstrap.php on line 24
[18-Feb-2019 09:59:36 UTC] PHP Fatal error:  Uncaught Error: Call to a member function createQuery() on null in /home/ubuntu/workspace/twigtemplates/tienda/single.php:25
Stack trace:
#0 /home/ubuntu/workspace/twigtemplates/tienda/single.php(31): Single->getResultado('1')
#1 {main}
  thrown in /home/ubuntu/workspace/twigtemplates/tienda/single.php on line 25
[18-Feb-2019 10:00:28 UTC] PHP Fatal error:  Uncaught Error: Call to a member function createQuery() on null in /home/ubuntu/workspace/twigtemplates/tienda/single.php:26
Stack trace:
#0 /home/ubuntu/workspace/twigtemplates/tienda/single.php(32): Single->getResultado('1')
#1 {main}
  thrown in /home/ubuntu/workspace/twigtemplates/tienda/single.php on line 26
